2024-10-18 13:14:33 - Neurotechnology service action failed: Operation failed
2024-10-18 13:14:33 - Neurotechnology service action failed: Operation failed
2024-10-18 13:14:33 - Neurotec.NException: Operation failed
   à Neurotec.NResult.RaiseError(Int32 error)
   à Neurotec.Licensing.NLicensingService.Install(String binPath, String confPath)
   à Neurotec.Licensing.Domain.Service.ProtectionGovernor.Start()
   à Neurotec.ActivationWizard.Forms.MainForm.ReplaceGovernorConfig(ProtectionGovernorConfig config, Boolean waitToStart)
   à Neurotec.ActivationWizard.Forms.MainForm.ButtonConfigureClick(Object sender, EventArgs e)
2024-10-18 13:15:09 - Neurotechnology service action failed: Operation failed
2024-10-18 13:15:09 - Neurotechnology service action failed: Operation failed
2024-10-18 13:15:09 - Neurotec.NException: Operation failed
   à Neurotec.NResult.RaiseError(Int32 error)
   à Neurotec.Licensing.NLicensingService.Install(String binPath, String confPath)
   à Neurotec.Licensing.Domain.Service.ProtectionGovernor.Start()
   à Neurotec.ActivationWizard.Forms.MainForm.ReplaceGovernorConfig(ProtectionGovernorConfig config, Boolean waitToStart)
   à Neurotec.ActivationWizard.Forms.MainForm.ButtonConfigureClick(Object sender, EventArgs e)
2024-10-18 13:17:58 - System.Net.WebException: Le nom distant n'a pas pu être résolu: 'pserver.neurotechnology.com'
   à System.Net.WebClient.DownloadDataInternal(Uri address, WebRequest& request)
   à System.Net.WebClient.DownloadString(Uri address)
   à Neurotec.ActivationWizard.Misc.TrialLicenseDetails.GetResponseFromSever()
   à Neurotec.ActivationWizard.Misc.TrialLicenseDetails.GetUsed()
   à Neurotec.ActivationWizard.Forms.MainForm.BackgroundWorkerDoWork(Object sender, DoWorkEventArgs e)
   à System.ComponentModel.BackgroundWorker.OnDoWork(DoWorkEventArgs e)
   à System.ComponentModel.BackgroundWorker.WorkerThreadStart(Object argument)
2024-10-18 16:31:58 - System.Net.WebException: La demande a été abandonnée : Le délai d'attente de l'opération a expiré..
   à System.Net.WebClient.DownloadDataInternal(Uri address, WebRequest& request)
   à System.Net.WebClient.DownloadString(Uri address)
   à Neurotec.ActivationWizard.Misc.TrialLicenseDetails.GetResponseFromSever()
   à Neurotec.ActivationWizard.Misc.TrialLicenseDetails.GetUsed()
   à Neurotec.ActivationWizard.Forms.MainForm.BackgroundWorkerDoWork(Object sender, DoWorkEventArgs e)
   à System.ComponentModel.BackgroundWorker.OnDoWork(DoWorkEventArgs e)
   à System.ComponentModel.BackgroundWorker.WorkerThreadStart(Object argument)
2024-10-18 16:32:28 - System.Net.WebException: Le nom distant n'a pas pu être résolu: 'pserver.neurotechnology.com'
   à System.Net.WebClient.DownloadDataInternal(Uri address, WebRequest& request)
   à System.Net.WebClient.DownloadString(Uri address)
   à Neurotec.ActivationWizard.Misc.TrialLicenseDetails.GetResponseFromSever()
   à Neurotec.ActivationWizard.Misc.TrialLicenseDetails.GetUsed()
   à Neurotec.ActivationWizard.Forms.MainForm.BackgroundWorkerDoWork(Object sender, DoWorkEventArgs e)
   à System.ComponentModel.BackgroundWorker.OnDoWork(DoWorkEventArgs e)
   à System.ComponentModel.BackgroundWorker.WorkerThreadStart(Object argument)
2024-10-18 16:32:58 - System.Net.WebException: Le nom distant n'a pas pu être résolu: 'pserver.neurotechnology.com'
   à System.Net.WebClient.DownloadDataInternal(Uri address, WebRequest& request)
   à System.Net.WebClient.DownloadString(Uri address)
   à Neurotec.ActivationWizard.Misc.TrialLicenseDetails.GetResponseFromSever()
   à Neurotec.ActivationWizard.Misc.TrialLicenseDetails.GetUsed()
   à Neurotec.ActivationWizard.Forms.MainForm.BackgroundWorkerDoWork(Object sender, DoWorkEventArgs e)
   à System.ComponentModel.BackgroundWorker.OnDoWork(DoWorkEventArgs e)
   à System.ComponentModel.BackgroundWorker.WorkerThreadStart(Object argument)
2024-10-18 16:33:39 - System.Net.WebException: Le nom distant n'a pas pu être résolu: 'pserver.neurotechnology.com'
   à System.Net.WebClient.DownloadDataInternal(Uri address, WebRequest& request)
   à System.Net.WebClient.DownloadString(Uri address)
   à Neurotec.ActivationWizard.Misc.TrialLicenseDetails.GetResponseFromSever()
   à Neurotec.ActivationWizard.Misc.TrialLicenseDetails.GetUsed()
   à Neurotec.ActivationWizard.Forms.MainForm.BackgroundWorkerDoWork(Object sender, DoWorkEventArgs e)
   à System.ComponentModel.BackgroundWorker.OnDoWork(DoWorkEventArgs e)
   à System.ComponentModel.BackgroundWorker.WorkerThreadStart(Object argument)
2024-10-18 16:34:09 - System.Net.WebException: Le nom distant n'a pas pu être résolu: 'pserver.neurotechnology.com'
   à System.Net.WebClient.DownloadDataInternal(Uri address, WebRequest& request)
   à System.Net.WebClient.DownloadString(Uri address)
   à Neurotec.ActivationWizard.Misc.TrialLicenseDetails.GetResponseFromSever()
   à Neurotec.ActivationWizard.Misc.TrialLicenseDetails.GetUsed()
   à Neurotec.ActivationWizard.Forms.MainForm.BackgroundWorkerDoWork(Object sender, DoWorkEventArgs e)
   à System.ComponentModel.BackgroundWorker.OnDoWork(DoWorkEventArgs e)
   à System.ComponentModel.BackgroundWorker.WorkerThreadStart(Object argument)
2024-10-18 16:34:39 - System.Net.WebException: Le nom distant n'a pas pu être résolu: 'pserver.neurotechnology.com'
   à System.Net.WebClient.DownloadDataInternal(Uri address, WebRequest& request)
   à System.Net.WebClient.DownloadString(Uri address)
   à Neurotec.ActivationWizard.Misc.TrialLicenseDetails.GetResponseFromSever()
   à Neurotec.ActivationWizard.Misc.TrialLicenseDetails.GetUsed()
   à Neurotec.ActivationWizard.Forms.MainForm.BackgroundWorkerDoWork(Object sender, DoWorkEventArgs e)
   à System.ComponentModel.BackgroundWorker.OnDoWork(DoWorkEventArgs e)
   à System.ComponentModel.BackgroundWorker.WorkerThreadStart(Object argument)
2024-10-18 16:35:09 - System.Net.WebException: Le nom distant n'a pas pu être résolu: 'pserver.neurotechnology.com'
   à System.Net.WebClient.DownloadDataInternal(Uri address, WebRequest& request)
   à System.Net.WebClient.DownloadString(Uri address)
   à Neurotec.ActivationWizard.Misc.TrialLicenseDetails.GetResponseFromSever()
   à Neurotec.ActivationWizard.Misc.TrialLicenseDetails.GetUsed()
   à Neurotec.ActivationWizard.Forms.MainForm.BackgroundWorkerDoWork(Object sender, DoWorkEventArgs e)
   à System.ComponentModel.BackgroundWorker.OnDoWork(DoWorkEventArgs e)
   à System.ComponentModel.BackgroundWorker.WorkerThreadStart(Object argument)
2024-10-18 16:35:40 - System.Net.WebException: Le nom distant n'a pas pu être résolu: 'pserver.neurotechnology.com'
   à System.Net.WebClient.DownloadDataInternal(Uri address, WebRequest& request)
   à System.Net.WebClient.DownloadString(Uri address)
   à Neurotec.ActivationWizard.Misc.TrialLicenseDetails.GetResponseFromSever()
   à Neurotec.ActivationWizard.Misc.TrialLicenseDetails.GetUsed()
   à Neurotec.ActivationWizard.Forms.MainForm.BackgroundWorkerDoWork(Object sender, DoWorkEventArgs e)
   à System.ComponentModel.BackgroundWorker.OnDoWork(DoWorkEventArgs e)
   à System.ComponentModel.BackgroundWorker.WorkerThreadStart(Object argument)
